\BOOKMARK [0][-]{chapter.1}{\376\377\000\332\000v\000o\000d}{}% 1
\BOOKMARK [0][-]{chapter.2}{\376\377\000T\000e\000o\000r\000e\000t\000i\000c\000k\000\375\000\040\000z\000\341\000k\000l\000a\000d\000\040\000p\000r\000\341\000c\000e}{}% 2
\BOOKMARK [1][-]{section.2.1}{\376\377\000E\000v\000o\000l\000u\001\015\000n\000\355\000\040\000a\000l\000g\000o\000r\000i\000t\000m\000y}{chapter.2}% 3
\BOOKMARK [2][-]{subsection.2.1.1}{\376\377\000T\000e\000r\000m\000i\000n\000o\000l\000o\000g\000i\000e}{section.2.1}% 4
\BOOKMARK [2][-]{subsection.2.1.2}{\376\377\000P\000r\000i\000n\000c\000i\000p\000\040\000e\000v\000o\000l\000u\001\015\000n\000\355\000h\000o\000\040\000a\000l\000g\000o\000r\000i\000t\000m\000u}{section.2.1}% 5
\BOOKMARK [2][-]{subsection.2.1.3}{\376\377\000G\000e\000n\000e\000t\000i\000c\000k\000\375\000\040\000a\000l\000g\000o\000r\000i\000t\000m\000u\000s}{section.2.1}% 6
\BOOKMARK [2][-]{subsection.2.1.4}{\376\377\000G\000e\000n\000e\000t\000i\000c\000k\000\351\000\040\000p\000r\000o\000g\000r\000a\000m\000o\000v\000\341\000n\000\355}{section.2.1}% 7
\BOOKMARK [1][-]{section.2.2}{\376\377\000K\000a\000r\000t\000\351\000z\000s\000k\000\351\000\040\000g\000e\000n\000e\000t\000i\000c\000k\000\351\000\040\000p\000r\000o\000g\000r\000a\000m\000o\000v\000\341\000n\000\355}{chapter.2}% 8
\BOOKMARK [2][-]{subsection.2.2.1}{\376\377\000D\000e\000f\000i\000n\000i\000c\000e\000\040\000C\000G\000P}{section.2.2}% 9
\BOOKMARK [2][-]{subsection.2.2.2}{\376\377\000G\000e\000n\000o\000t\000y\000p\000-\000f\000e\000n\000o\000t\000y\000p\000\040\000m\000a\000p\000o\000v\000\341\000n\000\355}{section.2.2}% 10
\BOOKMARK [1][-]{section.2.3}{\376\377\000K\000o\000e\000v\000o\000l\000u\000c\000e}{chapter.2}% 11
\BOOKMARK [2][-]{subsection.2.3.1}{\376\377\000P\000r\000o\000b\000l\000\351\000m\000y\000\040\001\131\000e\001\141\000e\000n\000\351\000\040\000s\000\040\000p\000o\000m\000o\000c\000\355\000\040\000k\000o\000e\000v\000o\000l\000u\000c\000e}{section.2.3}% 12
\BOOKMARK [2][-]{subsection.2.3.2}{\376\377\000P\000r\000i\000n\000c\000i\000p\000\040\000k\000o\000e\000v\000o\000l\000u\000c\000e\000\040\000p\000r\000o\000\040\000p\000r\000o\000b\000l\000\351\000m\000y\000\040\000z\000a\000l\000o\001\176\000e\000n\000\351\000\040\000n\000a\000\040\000t\000e\000s\000t\000e\000c\000h}{section.2.3}% 13
\BOOKMARK [2][-]{subsection.2.3.3}{\376\377\000P\000r\000i\000n\000c\000i\000p\000\040\000k\000o\000e\000v\000o\000l\000u\000c\000e\000\040\000p\000r\000e\000d\000i\000k\000t\000o\000r\001\157\000\040\000f\000i\000t\000n\000e\000s\000s}{section.2.3}% 14
\BOOKMARK [1][-]{section.2.4}{\376\377\000S\000y\000m\000b\000o\000l\000i\000c\000k\000\341\000\040\000r\000e\000g\000r\000e\000s\000e}{chapter.2}% 15
\BOOKMARK [0][-]{chapter.3}{\376\377\000N\000\341\000v\000r\000h}{}% 16
\BOOKMARK [1][-]{section.3.1}{\376\377\000E\000v\000o\000l\000u\000c\000e\000\040\000k\000a\000n\000d\000i\000d\000\341\000t\000n\000\355\000c\000h\000\040\001\131\000e\001\141\000e\000n\000\355}{chapter.3}% 17
\BOOKMARK [2][-]{subsection.3.1.1}{\376\377\000K\000a\000n\000d\000i\000d\000\341\000t\000n\000\355\000\040\001\131\000e\001\141\000e\000n\000\355}{section.3.1}% 18
\BOOKMARK [2][-]{subsection.3.1.2}{\376\377\000G\000e\000n\000e\000r\000o\000v\000\341\000n\000\355\000\040\000p\000o\001\015\000\341\000t\000e\001\015\000n\000\355\000\040\000p\000o\000p\000u\000l\000a\000c\000e}{section.3.1}% 19
\BOOKMARK [2][-]{subsection.3.1.3}{\376\377\000H\000l\000e\000d\000\341\000n\000\355\000\040\000a\000k\000t\000i\000v\000n\000\355\000c\000h\000\040\000u\000z\000l\001\157}{section.3.1}% 20
\BOOKMARK [2][-]{subsection.3.1.4}{\376\377\000S\000p\000u\001\141\000t\001\033\000n\000\355\000\040\000k\000a\000n\000d\000i\000d\000\341\000t\000n\000\355\000h\000o\000\040\000p\000r\000o\000g\000r\000a\000m\000u\000\040\000n\000a\000d\000\040\000t\000r\000\351\000n\000o\000v\000a\000c\000\355\000m\000\040\000v\000e\000k\000t\000o\000r\000e\000m}{section.3.1}% 21
\BOOKMARK [2][-]{subsection.3.1.5}{\376\377\000V\000y\000h\000o\000d\000n\000o\000c\000e\000n\000\355\000\040\000f\000i\000t\000n\000e\000s\000s}{section.3.1}% 22
\BOOKMARK [2][-]{subsection.3.1.6}{\376\377\000V\000\375\000b\001\033\000r\000\040\000r\000o\000d\000i\001\015\001\157}{section.3.1}% 23
\BOOKMARK [2][-]{subsection.3.1.7}{\376\377\000V\000y\000t\000v\000\341\001\131\000e\000n\000\355\000\040\000n\000o\000v\000\351\000\040\000g\000e\000n\000e\000r\000a\000c\000e}{section.3.1}% 24
\BOOKMARK [1][-]{section.3.2}{\376\377\000E\000v\000o\000l\000u\000c\000e\000\040\000p\000o\000d\000m\000n\000o\001\176\000i\000n\000\040\000m\000n\000o\001\176\000i\000n\000y\000\040\000v\001\141\000e\000c\000h\000\040\000t\000r\000\351\000n\000o\000v\000a\000c\000\355\000c\000h\000\040\000v\000e\000k\000t\000o\000r\001\157}{chapter.3}% 25
\BOOKMARK [2][-]{subsection.3.2.1}{\376\377\000T\000e\000s\000t}{section.3.2}% 26
\BOOKMARK [2][-]{subsection.3.2.2}{\376\377\000A\000r\000c\000h\000i\000v\000y}{section.3.2}% 27
\BOOKMARK [2][-]{subsection.3.2.3}{\376\377\000V\000y\000h\000o\000d\000n\000o\000c\000e\000n\000\355\000\040\000f\000i\000t\000n\000e\000s\000s}{section.3.2}% 28
\BOOKMARK [2][-]{subsection.3.2.4}{\376\377\000V\000\375\000b\001\033\000r\000\040\000r\000o\000d\000i\001\015\001\157}{section.3.2}% 29
\BOOKMARK [2][-]{subsection.3.2.5}{\376\377\000V\000y\000t\000v\000\341\001\131\000e\000n\000\355\000\040\000n\000o\000v\000\351\000\040\000g\000e\000n\000e\000r\000a\000c\000e}{section.3.2}% 30
\BOOKMARK [0][-]{chapter.4}{\376\377\000I\000m\000p\000l\000e\000m\000e\000n\000t\000a\000c\000e}{}% 31
\BOOKMARK [1][-]{section.4.1}{\376\377\000P\000a\000r\000a\000l\000e\000l\000i\000z\000a\000c\000e}{chapter.4}% 32
\BOOKMARK [1][-]{section.4.2}{\376\377\000G\000e\000n\000e\000r\000o\000v\000\341\000n\000\355\000\040\000p\000s\000e\000u\000d\000o\000n\000\341\000h\000o\000d\000n\000\375\000c\000h\000\040\001\015\000\355\000s\000e\000l}{chapter.4}% 33
\BOOKMARK [1][-]{section.4.3}{\376\377\000F\000o\000r\000m\000\341\000t\000\040\000v\000s\000t\000u\000p\000n\000\355\000c\000h\000\040\000s\000o\000u\000b\000o\000r\001\157}{chapter.4}% 34
\BOOKMARK [2][-]{subsection.4.3.1}{\376\377\000S\000o\000u\000b\000o\000r\000\040\000s\000\040\000p\000o\000v\000o\000l\000e\000n\000\375\000m\000i\000\040\000f\000u\000n\000k\000c\000e\000m\000i}{section.4.3}% 35
\BOOKMARK [2][-]{subsection.4.3.2}{\376\377\000S\000o\000u\000b\000o\000r\000\040\000s\000\040\000t\000r\000\351\000n\000o\000v\000a\000c\000\355\000m\000i\000\040\000v\000e\000k\000t\000o\000r\000y}{section.4.3}% 36
\BOOKMARK [1][-]{section.4.4}{\376\377\000N\000a\001\015\000\355\000t\000\341\000n\000\355\000\040\000v\000s\000t\000u\000p\000u}{chapter.4}% 37
\BOOKMARK [1][-]{section.4.5}{\376\377\000Z\000\341\000z\000n\000a\000m\000y\000\040\000s\000t\000a\000t\000i\000s\000t\000i\000c\000k\000\375\000c\000h\000\040\000d\000a\000t}{chapter.4}% 38
\BOOKMARK [1][-]{section.4.6}{\376\377\000V\000\375\000p\000i\000s\000\040\001\131\000e\000t\001\033\000z\000c\000e\000\040\001\131\000e\001\141\000e\000n\000\355}{chapter.4}% 39
\BOOKMARK [1][-]{section.4.7}{\376\377\000K\000o\000m\000p\000i\000l\000a\000c\000e\000\040\000a\000\040\000s\000p\000u\001\141\000t\001\033\000n\000\355}{chapter.4}% 40
\BOOKMARK [0][-]{chapter.5}{\376\377\000E\000x\000p\000e\000r\000i\000m\000e\000n\000t\000\341\000l\000n\000\355\000\040\000v\000y\000h\000o\000d\000n\000o\000c\000e\000n\000\355}{}% 41
\BOOKMARK [1][-]{section.5.1}{\376\377\000N\000a\000s\000t\000a\000v\000e\000n\000\355\000\040\000e\000v\000o\000l\000u\000c\000e\000\040\000k\000a\000n\000d\000i\000d\000\341\000t\000n\000\355\000c\000h\000\040\001\131\000e\001\141\000e\000n\000\355}{chapter.5}% 42
\BOOKMARK [1][-]{section.5.2}{\376\377\000N\000a\000s\000t\000a\000v\000e\000n\000\355\000\040\000e\000v\000o\000l\000u\000c\000e\000\040\000t\000e\000s\000t\001\157}{chapter.5}% 43
\BOOKMARK [1][-]{section.5.3}{\376\377\000S\000k\000r\000i\000p\000t\000y\000\040\000p\000r\000o\000\040\000t\000e\000s\000t\000o\000v\000\341\000n\000\355\000\040\000a\000\040\000v\000y\000h\000o\000d\000n\000o\000c\000o\000v\000\341\000n\000\355}{chapter.5}% 44
\BOOKMARK [1][-]{section.5.4}{\376\377\000P\000o\000s\000u\000z\000o\000v\000a\000n\000\341\000\040\000k\000r\000i\000t\000\351\000r\000i\000a\000\040\000a\000\040\000v\000\375\000s\000l\000e\000d\000k\000y}{chapter.5}% 45
\BOOKMARK [2][-]{subsection.5.4.1}{\376\377\000F\000u\000n\000k\000c\000e\000\040\000f\0001}{section.5.4}% 46
\BOOKMARK [2][-]{subsection.5.4.2}{\376\377\000F\000u\000n\000k\000c\000e\000\040\000f\0002}{section.5.4}% 47
\BOOKMARK [2][-]{subsection.5.4.3}{\376\377\000F\000u\000n\000k\000c\000e\000\040\000f\0003}{section.5.4}% 48
\BOOKMARK [2][-]{subsection.5.4.4}{\376\377\000F\000u\000n\000k\000c\000e\000\040\000f\0004}{section.5.4}% 49
\BOOKMARK [2][-]{subsection.5.4.5}{\376\377\000F\000u\000n\000k\000c\000e\000\040\000f\0005}{section.5.4}% 50
\BOOKMARK [1][-]{section.5.5}{\376\377\000S\000h\000r\000n\000u\000t\000\355\000\040\000v\000\375\000s\000l\000e\000d\000k\001\157}{chapter.5}% 51
\BOOKMARK [0][-]{chapter.6}{\376\377\000Z\000\341\000v\001\033\000r}{}% 52
\BOOKMARK [0][-]{appendix.A}{\376\377\000O\000b\000s\000a\000h\000\040\000C\000D}{}% 53
\BOOKMARK [0][-]{appendix.B}{\376\377\000G\000r\000a\000f\000y\000\040\000s\000\040\000r\000o\000z\001\141\000\355\001\131\000e\000n\000\375\000m\000i\000\040\000v\000\375\000s\000l\000e\000d\000k\000y\000\040\000t\000e\000s\000t\001\157}{}% 54
\BOOKMARK [1][-]{section.B.1}{\376\377\000G\000r\000a\000f\000y\000\040\000k\000\040\000v\000\375\000b\001\033\000r\000u\000\040\000p\000a\000r\000a\000m\000e\000t\000r\001\157\000\040\000k\000o\000e\000v\000o\000l\000u\000c\000e}{appendix.B}% 55
\BOOKMARK [1][-]{section.B.2}{\376\377\000G\000r\000a\000f\000y\000\040\000k\000\040\000v\000\375\000s\000l\000e\000d\000k\001\157\000m\000\040\000t\000e\000s\000t\000o\000v\000\341\000n\000\355\000\040\000p\000r\000o\000\040\000j\000e\000d\000n\000o\000t\000l\000i\000v\000\351\000\040\000f\000u\000n\000k\000c\000e}{appendix.B}% 56
\BOOKMARK [2][-]{subsection.B.2.1}{\376\377\000F\000u\000n\000k\000c\000e\000\040\000f\0001}{section.B.2}% 57
\BOOKMARK [2][-]{subsection.B.2.2}{\376\377\000F\000u\000n\000k\000c\000e\000\040\000f\0002}{section.B.2}% 58
\BOOKMARK [2][-]{subsection.B.2.3}{\376\377\000F\000u\000n\000k\000c\000e\000\040\000f\0003}{section.B.2}% 59
\BOOKMARK [2][-]{subsection.B.2.4}{\376\377\000F\000u\000n\000k\000c\000e\000\040\000f\0004}{section.B.2}% 60
\BOOKMARK [2][-]{subsection.B.2.5}{\376\377\000F\000u\000n\000k\000c\000e\000\040\000f\0005}{section.B.2}% 61
