This is pdfTeX, Version 3.1415926-2.4-1.40.13 (TeX Live 2012/Debian) (format=pdflatex 2013.9.25)  31 JUL 2014 00:00
entering extended mode
 restricted \write18 enabled.
 %&-line parsing enabled.
**projekt
(./projekt.tex
LaTeX2e <2011/06/27>
Babel <v3.8m> and hyphenation patterns for english, dumylang, nohyphenation, lo
aded.
(./fitthesis.cls
Document Class: fitthesis 2007/04/13 Sablona pro BP/DP
(/usr/share/texlive/texmf-dist/tex/latex/base/report.cls
Document Class: report 2007/10/19 v1.4h Standard LaTeX document class
(/usr/share/texlive/texmf-dist/tex/latex/base/size11.clo
File: size11.clo 2007/10/19 v1.4h Standard LaTeX file (size option)
)
\c@part=\count79
\c@chapter=\count80
\c@section=\count81
\c@subsection=\count82
\c@subsubsection=\count83
\c@paragraph=\count84
\c@subparagraph=\count85
\c@figure=\count86
\c@table=\count87
\abovecaptionskip=\skip41
\belowcaptionskip=\skip42
\bibindent=\dimen102
)
(/usr/share/texlive/texmf-dist/tex/latex/amsmath/amsmath.sty
Package: amsmath 2000/07/18 v2.13 AMS math features
\@mathmargin=\skip43

For additional information on amsmath, use the `?' option.
(/usr/share/texlive/texmf-dist/tex/latex/amsmath/amstext.sty
Package: amstext 2000/06/29 v2.01

(/usr/share/texlive/texmf-dist/tex/latex/amsmath/amsgen.sty
File: amsgen.sty 1999/11/30 v2.0
\@emptytoks=\toks14
\ex@=\dimen103
))
(/usr/share/texlive/texmf-dist/tex/latex/amsmath/amsbsy.sty
Package: amsbsy 1999/11/29 v1.2d
\pmbraise@=\dimen104
)
(/usr/share/texlive/texmf-dist/tex/latex/amsmath/amsopn.sty
Package: amsopn 1999/12/14 v2.01 operator names
)
\inf@bad=\count88
LaTeX Info: Redefining \frac on input line 211.
\uproot@=\count89
\leftroot@=\count90
LaTeX Info: Redefining \overline on input line 307.
\classnum@=\count91
\DOTSCASE@=\count92
LaTeX Info: Redefining \ldots on input line 379.
LaTeX Info: Redefining \dots on input line 382.
LaTeX Info: Redefining \cdots on input line 467.
\Mathstrutbox@=\box26
\strutbox@=\box27
\big@size=\dimen105
LaTeX Font Info:    Redeclaring font encoding OML on input line 567.
LaTeX Font Info:    Redeclaring font encoding OMS on input line 568.
\macc@depth=\count93
\c@MaxMatrixCols=\count94
\dotsspace@=\muskip10
\c@parentequation=\count95
\dspbrk@lvl=\count96
\tag@help=\toks15
\row@=\count97
\column@=\count98
\maxfields@=\count99
\andhelp@=\toks16
\eqnshift@=\dimen106
\alignsep@=\dimen107
\tagshift@=\dimen108
\tagwidth@=\dimen109
\totwidth@=\dimen110
\lineht@=\dimen111
\@envbody=\toks17
\multlinegap=\skip44
\multlinetaggap=\skip45
\mathdisplay@stack=\toks18
LaTeX Info: Redefining \[ on input line 2666.
LaTeX Info: Redefining \] on input line 2667.
)
(/usr/share/texlive/texmf-dist/tex/latex/amsfonts/amssymb.sty
Package: amssymb 2009/06/22 v3.00

(/usr/share/texlive/texmf-dist/tex/latex/amsfonts/amsfonts.sty
Package: amsfonts 2009/06/22 v3.00 Basic AMSFonts support
\symAMSa=\mathgroup4
\symAMSb=\mathgroup5
LaTeX Font Info:    Overwriting math alphabet `\mathfrak' in version `bold'
(Font)                  U/euf/m/n --> U/euf/b/n on input line 96.
))
(/usr/share/texlive/texmf-dist/tex/generic/babel/babel.sty
Package: babel 2008/07/08 v3.8m The Babel package

(/usr/share/texlive/texmf-dist/tex/generic/babel/czech.ldf
Language: czech 2008/07/06 v3.1a Czech support from the babel system

(/usr/share/texlive/texmf-dist/tex/generic/babel/babel.def
File: babel.def 2008/07/08 v3.8m Babel common definitions
\babel@savecnt=\count100
\U@D=\dimen112
)

Package babel Warning: No hyphenation patterns were loaded for
(babel)                the language `Czech'
(babel)                I will use the patterns loaded for \language=0 instead.

\l@czech = a dialect from \language0
Package babel Info: Making " an active character on input line 172.
\cs@wordlen=\count101
Package babel Info: Making - an active character on input line 226.
) (/usr/share/texlive/texmf-dist/tex/generic/babel/english.ldf
Language: english 2005/03/30 v3.3o English support from the babel system
\l@british = a dialect from \language\l@english 
\l@UKenglish = a dialect from \language\l@english 
\l@canadian = a dialect from \language\l@american 
\l@australian = a dialect from \language\l@british 
\l@newzealand = a dialect from \language\l@british 
))
(/usr/share/texlive/texmf-dist/tex/latex/base/inputenc.sty
Package: inputenc 2008/03/30 v1.1d Input encoding file
\inpenc@prehook=\toks19
\inpenc@posthook=\toks20

(/usr/share/texlive/texmf-dist/tex/latex/base/latin2.def
File: latin2.def 2008/03/30 v1.1d Input encoding file
))
(/usr/share/texlive/texmf-dist/tex/latex/graphics/graphicx.sty
Package: graphicx 1999/02/16 v1.0f Enhanced LaTeX Graphics (DPC,SPQR)

(/usr/share/texlive/texmf-dist/tex/latex/graphics/keyval.sty
Package: keyval 1999/03/16 v1.13 key=value parser (DPC)
\KV@toks@=\toks21
)
(/usr/share/texlive/texmf-dist/tex/latex/graphics/graphics.sty
Package: graphics 2009/02/05 v1.0o Standard LaTeX Graphics (DPC,SPQR)

(/usr/share/texlive/texmf-dist/tex/latex/graphics/trig.sty
Package: trig 1999/03/16 v1.09 sin cos tan (DPC)
)
(/usr/share/texlive/texmf-dist/tex/latex/latexconfig/graphics.cfg
File: graphics.cfg 2010/04/23 v1.9 graphics configuration of TeX Live
)
Package graphics Info: Driver file: pdftex.def on input line 91.

(/usr/share/texlive/texmf-dist/tex/latex/pdftex-def/pdftex.def
File: pdftex.def 2011/05/27 v0.06d Graphics/color for pdfTeX

(/usr/share/texlive/texmf-dist/tex/generic/oberdiek/infwarerr.sty
Package: infwarerr 2010/04/08 v1.3 Providing info/warning/error messages (HO)
)
(/usr/share/texlive/texmf-dist/tex/generic/oberdiek/ltxcmds.sty
Package: ltxcmds 2011/11/09 v1.22 LaTeX kernel commands for general use (HO)
)
\Gread@gobject=\count102
))
\Gin@req@height=\dimen113
\Gin@req@width=\dimen114
)
\mkspc=\skip46
)
(/usr/share/texlive/texmf-dist/tex/latex/url/url.sty
\Urlmuskip=\muskip11
Package: url 2006/04/12  ver 3.3  Verb mode for urls, etc.
)
(/usr/share/texlive/texmf-dist/tex/latex/subfig/subfig.sty
Package: subfig 2005/06/28 ver: 1.3 subfig package

(/usr/share/texlive/texmf-dist/tex/latex/caption/caption.sty
Package: caption 2012/02/19 v3.2f Customizing captions (AR)

(/usr/share/texlive/texmf-dist/tex/latex/caption/caption3.sty
Package: caption3 2012/01/12 v1.4b caption3 kernel (AR)
\captionmargin=\dimen115
\captionmargin@=\dimen116
\captionwidth=\dimen117
\caption@indent=\dimen118
\caption@parindent=\dimen119
\caption@hangindent=\dimen120
)
\c@ContinuedFloat=\count103
)
\c@KVtest=\count104
\sf@farskip=\skip47
\sf@captopadj=\dimen121
\sf@capskip=\skip48
\sf@nearskip=\skip49
\c@subfigure=\count105
\c@subfigure@save=\count106
\c@lofdepth=\count107
\c@subtable=\count108
\c@subtable@save=\count109
\c@lotdepth=\count110
\sf@top=\skip50
\sf@bottom=\skip51
)
(/usr/share/texlive/texmf-dist/tex/latex/base/textcomp.sty
Package: textcomp 2005/09/27 v1.99g Standard LaTeX package
Package textcomp Info: Sub-encoding information:
(textcomp)               5 = only ISO-Adobe without \textcurrency
(textcomp)               4 = 5 + \texteuro
(textcomp)               3 = 4 + \textohm
(textcomp)               2 = 3 + \textestimated + \textcurrency
(textcomp)               1 = TS1 - \textcircled - \t
(textcomp)               0 = TS1 (full)
(textcomp)             Font families with sub-encoding setting implement
(textcomp)             only a restricted character set as indicated.
(textcomp)             Family '?' is the default used for unknown fonts.
(textcomp)             See the documentation for details.
Package textcomp Info: Setting ? sub-encoding to TS1/1 on input line 71.

(/usr/share/texlive/texmf-dist/tex/latex/base/ts1enc.def
File: ts1enc.def 2001/06/05 v3.0e (jk/car/fm) Standard LaTeX file
)
LaTeX Info: Redefining \oldstylenums on input line 266.
Package textcomp Info: Setting cmr sub-encoding to TS1/0 on input line 281.
Package textcomp Info: Setting cmss sub-encoding to TS1/0 on input line 282.
Package textcomp Info: Setting cmtt sub-encoding to TS1/0 on input line 283.
Package textcomp Info: Setting cmvtt sub-encoding to TS1/0 on input line 284.
Package textcomp Info: Setting cmbr sub-encoding to TS1/0 on input line 285.
Package textcomp Info: Setting cmtl sub-encoding to TS1/0 on input line 286.
Package textcomp Info: Setting ccr sub-encoding to TS1/0 on input line 287.
Package textcomp Info: Setting ptm sub-encoding to TS1/4 on input line 288.
Package textcomp Info: Setting pcr sub-encoding to TS1/4 on input line 289.
Package textcomp Info: Setting phv sub-encoding to TS1/4 on input line 290.
Package textcomp Info: Setting ppl sub-encoding to TS1/3 on input line 291.
Package textcomp Info: Setting pag sub-encoding to TS1/4 on input line 292.
Package textcomp Info: Setting pbk sub-encoding to TS1/4 on input line 293.
Package textcomp Info: Setting pnc sub-encoding to TS1/4 on input line 294.
Package textcomp Info: Setting pzc sub-encoding to TS1/4 on input line 295.
Package textcomp Info: Setting bch sub-encoding to TS1/4 on input line 296.
Package textcomp Info: Setting put sub-encoding to TS1/5 on input line 297.
Package textcomp Info: Setting uag sub-encoding to TS1/5 on input line 298.
Package textcomp Info: Setting ugq sub-encoding to TS1/5 on input line 299.
Package textcomp Info: Setting ul8 sub-encoding to TS1/4 on input line 300.
Package textcomp Info: Setting ul9 sub-encoding to TS1/4 on input line 301.
Package textcomp Info: Setting augie sub-encoding to TS1/5 on input line 302.
Package textcomp Info: Setting dayrom sub-encoding to TS1/3 on input line 303.
Package textcomp Info: Setting dayroms sub-encoding to TS1/3 on input line 304.

Package textcomp Info: Setting pxr sub-encoding to TS1/0 on input line 305.
Package textcomp Info: Setting pxss sub-encoding to TS1/0 on input line 306.
Package textcomp Info: Setting pxtt sub-encoding to TS1/0 on input line 307.
Package textcomp Info: Setting txr sub-encoding to TS1/0 on input line 308.
Package textcomp Info: Setting txss sub-encoding to TS1/0 on input line 309.
Package textcomp Info: Setting txtt sub-encoding to TS1/0 on input line 310.
Package textcomp Info: Setting lmr sub-encoding to TS1/0 on input line 311.
Package textcomp Info: Setting lmdh sub-encoding to TS1/0 on input line 312.
Package textcomp Info: Setting lmss sub-encoding to TS1/0 on input line 313.
Package textcomp Info: Setting lmssq sub-encoding to TS1/0 on input line 314.
Package textcomp Info: Setting lmvtt sub-encoding to TS1/0 on input line 315.
Package textcomp Info: Setting qhv sub-encoding to TS1/0 on input line 316.
Package textcomp Info: Setting qag sub-encoding to TS1/0 on input line 317.
Package textcomp Info: Setting qbk sub-encoding to TS1/0 on input line 318.
Package textcomp Info: Setting qcr sub-encoding to TS1/0 on input line 319.
Package textcomp Info: Setting qcs sub-encoding to TS1/0 on input line 320.
Package textcomp Info: Setting qpl sub-encoding to TS1/0 on input line 321.
Package textcomp Info: Setting qtm sub-encoding to TS1/0 on input line 322.
Package textcomp Info: Setting qzc sub-encoding to TS1/0 on input line 323.
Package textcomp Info: Setting qhvc sub-encoding to TS1/0 on input line 324.
Package textcomp Info: Setting futs sub-encoding to TS1/4 on input line 325.
Package textcomp Info: Setting futx sub-encoding to TS1/4 on input line 326.
Package textcomp Info: Setting futj sub-encoding to TS1/4 on input line 327.
Package textcomp Info: Setting hlh sub-encoding to TS1/3 on input line 328.
Package textcomp Info: Setting hls sub-encoding to TS1/3 on input line 329.
Package textcomp Info: Setting hlst sub-encoding to TS1/3 on input line 330.
Package textcomp Info: Setting hlct sub-encoding to TS1/5 on input line 331.
Package textcomp Info: Setting hlx sub-encoding to TS1/5 on input line 332.
Package textcomp Info: Setting hlce sub-encoding to TS1/5 on input line 333.
Package textcomp Info: Setting hlcn sub-encoding to TS1/5 on input line 334.
Package textcomp Info: Setting hlcw sub-encoding to TS1/5 on input line 335.
Package textcomp Info: Setting hlcf sub-encoding to TS1/5 on input line 336.
Package textcomp Info: Setting pplx sub-encoding to TS1/3 on input line 337.
Package textcomp Info: Setting pplj sub-encoding to TS1/3 on input line 338.
Package textcomp Info: Setting ptmx sub-encoding to TS1/4 on input line 339.
Package textcomp Info: Setting ptmj sub-encoding to TS1/4 on input line 340.
) (./tablefootnote.sty
Package: tablefootnote 2014/01/26 v1.1c Table foot notes (HMM)
(/usr/share/texlive/texmf-dist/tex/latex/oberdiek/letltxmacro.sty
Package: letltxmacro 2010/09/02 v1.4 Let assignment for LaTeX macros (HO)
)
(./xifthen.sty
Package: xifthen 2009/04/17 v1.3 Extended ifthen features
 (/usr/share/texlive/texmf-dist/tex/latex/etex-pkg/etex.sty
Package: etex 1998/03/26 v2.0 eTeX basic definition package (PEB)
\et@xins=\count111
)
(/usr/share/texlive/texmf-dist/tex/latex/tools/calc.sty
Package: calc 2007/08/22 v4.3 Infix arithmetic (KKT,FJ)
\calc@Acount=\count112
\calc@Bcount=\count113
\calc@Adimen=\dimen122
\calc@Bdimen=\dimen123
\calc@Askip=\skip52
\calc@Bskip=\skip53
LaTeX Info: Redefining \setlength on input line 76.
LaTeX Info: Redefining \addtolength on input line 77.
\calc@Ccount=\count114
\calc@Cskip=\skip54
)
(/usr/share/texlive/texmf-dist/tex/latex/base/ifthen.sty
Package: ifthen 2001/05/26 v1.1c Standard LaTeX ifthen package (DPC)
) (./ifmtarg.sty
Package: ifmtarg 2000/03/24 v1.2 check for an empty argument
))

Package tablefootnote Warning: Package etoolbox not available, therefore
(tablefootnote)                substituting commands \AtEndEnvironment and
(tablefootnote)                \AfterEndEnvironment for tablefootnotes
(tablefootnote)                 on input line 447.

) (/usr/share/texlive/texmf-dist/tex/latex/graphics/color.sty
Package: color 2005/11/14 v1.0j Standard LaTeX Color (DPC)

(/usr/share/texlive/texmf-dist/tex/latex/latexconfig/color.cfg
File: color.cfg 2007/01/18 v1.5 color configuration of teTeX/TeXLive
)
Package color Info: Driver file: pdftex.def on input line 130.
)
(/usr/share/texlive/texmf-dist/tex/latex/hyperref/hyperref.sty
Package: hyperref 2012/05/13 v6.82q Hypertext links for LaTeX

(/usr/share/texlive/texmf-dist/tex/generic/oberdiek/hobsub-hyperref.sty
Package: hobsub-hyperref 2012/05/28 v1.13 Bundle oberdiek, subset hyperref (HO)


(/usr/share/texlive/texmf-dist/tex/generic/oberdiek/hobsub-generic.sty
Package: hobsub-generic 2012/05/28 v1.13 Bundle oberdiek, subset generic (HO)
Package: hobsub 2012/05/28 v1.13 Construct package bundles (HO)
Package hobsub Info: Skipping package `infwarerr' (already loaded).
Package hobsub Info: Skipping package `ltxcmds' (already loaded).
Package: ifluatex 2010/03/01 v1.3 Provides the ifluatex switch (HO)
Package ifluatex Info: LuaTeX not detected.
Package: ifvtex 2010/03/01 v1.5 Detect VTeX and its facilities (HO)
Package ifvtex Info: VTeX not detected.
Package: intcalc 2007/09/27 v1.1 Expandable calculations with integers (HO)
Package: ifpdf 2011/01/30 v2.3 Provides the ifpdf switch (HO)
Package ifpdf Info: pdfTeX in PDF mode is detected.
Package: etexcmds 2011/02/16 v1.5 Avoid name clashes with e-TeX commands (HO)
Package etexcmds Info: Could not find \expanded.
(etexcmds)             That can mean that you are not using pdfTeX 1.50 or
(etexcmds)             that some package has redefined \expanded.
(etexcmds)             In the latter case, load this package earlier.
Package: kvsetkeys 2012/04/25 v1.16 Key value parser (HO)
Package: kvdefinekeys 2011/04/07 v1.3 Define keys (HO)
Package: pdftexcmds 2011/11/29 v0.20 Utility functions of pdfTeX for LuaTeX (HO
)
Package pdftexcmds Info: LuaTeX not detected.
Package pdftexcmds Info: \pdf@primitive is available.
Package pdftexcmds Info: \pdf@ifprimitive is available.
Package pdftexcmds Info: \pdfdraftmode found.
Package: pdfescape 2011/11/25 v1.13 Implements pdfTeX's escape features (HO)
Package: bigintcalc 2012/04/08 v1.3 Expandable calculations on big integers (HO
)
Package: bitset 2011/01/30 v1.1 Handle bit-vector datatype (HO)
Package: uniquecounter 2011/01/30 v1.2 Provide unlimited unique counter (HO)
)
Package hobsub Info: Skipping package `hobsub' (already loaded).
Package hobsub Info: Skipping package `letltxmacro' (already loaded).
Package: hopatch 2012/05/28 v1.2 Wrapper for package hooks (HO)
Package: xcolor-patch 2011/01/30 xcolor patch
Package: atveryend 2011/06/30 v1.8 Hooks at the very end of document (HO)
Package atveryend Info: \enddocument detected (standard20110627).
Package: atbegshi 2011/10/05 v1.16 At begin shipout hook (HO)
Package: refcount 2011/10/16 v3.4 Data extraction from label references (HO)
Package: hycolor 2011/01/30 v1.7 Color options for hyperref/bookmark (HO)
)
(/usr/share/texlive/texmf-dist/tex/generic/ifxetex/ifxetex.sty
Package: ifxetex 2010/09/12 v0.6 Provides ifxetex conditional
)
(/usr/share/texlive/texmf-dist/tex/latex/oberdiek/kvoptions.sty
Package: kvoptions 2011/06/30 v3.11 Key value format for package options (HO)
)
\@linkdim=\dimen124
\Hy@linkcounter=\count115
\Hy@pagecounter=\count116

(/usr/share/texlive/texmf-dist/tex/latex/hyperref/pd1enc.def
File: pd1enc.def 2012/05/13 v6.82q Hyperref: PDFDocEncoding definition (HO)
)
\Hy@SavedSpaceFactor=\count117

(/usr/share/texlive/texmf-dist/tex/latex/latexconfig/hyperref.cfg
File: hyperref.cfg 2002/06/06 v1.2 hyperref configuration of TeXLive
)
Package hyperref Info: Option `unicode' set `true' on input line 3941.

(/usr/share/texlive/texmf-dist/tex/latex/hyperref/puenc.def
File: puenc.def 2012/05/13 v6.82q Hyperref: PDF Unicode definition (HO)
)
Package hyperref Info: Option `colorlinks' set `true' on input line 3941.
Package hyperref Info: Option `hyperindex' set `true' on input line 3941.
Package hyperref Info: Option `plainpages' set `false' on input line 3941.
Package hyperref Info: Hyper figures OFF on input line 4062.
Package hyperref Info: Link nesting OFF on input line 4067.
Package hyperref Info: Hyper index ON on input line 4070.
Package hyperref Info: Plain pages OFF on input line 4077.
Package hyperref Info: Backreferencing OFF on input line 4082.
Package hyperref Info: Implicit mode ON; LaTeX internals redefined.
Package hyperref Info: Bookmarks ON on input line 4300.
\c@Hy@tempcnt=\count118
LaTeX Info: Redefining \url on input line 4653.
\Fld@menulength=\count119
\Field@Width=\dimen125
\Fld@charsize=\dimen126
Package hyperref Info: Hyper figures OFF on input line 5773.
Package hyperref Info: Link nesting OFF on input line 5778.
Package hyperref Info: Hyper index ON on input line 5781.
Package hyperref Info: backreferencing OFF on input line 5788.
Package hyperref Info: Link coloring ON on input line 5791.
Package hyperref Info: Link coloring with OCG OFF on input line 5798.
Package hyperref Info: PDF/A mode OFF on input line 5803.
LaTeX Info: Redefining \ref on input line 5843.
LaTeX Info: Redefining \pageref on input line 5847.
\Hy@abspage=\count120
\c@Item=\count121
\c@Hfootnote=\count122
)

Package hyperref Message: Driver: hpdftex.

(/usr/share/texlive/texmf-dist/tex/latex/hyperref/hpdftex.def
File: hpdftex.def 2012/05/13 v6.82q Hyperref driver for pdfTeX
\Fld@listcount=\count123
\c@bookmark@seq@number=\count124

(/usr/share/texlive/texmf-dist/tex/latex/oberdiek/rerunfilecheck.sty
Package: rerunfilecheck 2011/04/15 v1.7 Rerun checks for auxiliary files (HO)
Package uniquecounter Info: New unique counter `rerunfilecheck' on input line 2
82.
)
\Hy@SectionHShift=\skip55
)
(./projekt.aux)
\openout1 = `projekt.aux'.

LaTeX Font Info:    Checking defaults for OML/cmm/m/it on input line 124.
LaTeX Font Info:    ... okay on input line 124.
LaTeX Font Info:    Checking defaults for T1/cmr/m/n on input line 124.
LaTeX Font Info:    ... okay on input line 124.
LaTeX Font Info:    Checking defaults for OT1/cmr/m/n on input line 124.
LaTeX Font Info:    ... okay on input line 124.
LaTeX Font Info:    Checking defaults for OMS/cmsy/m/n on input line 124.
LaTeX Font Info:    ... okay on input line 124.
LaTeX Font Info:    Checking defaults for OMX/cmex/m/n on input line 124.
LaTeX Font Info:    ... okay on input line 124.
LaTeX Font Info:    Checking defaults for U/cmr/m/n on input line 124.
LaTeX Font Info:    ... okay on input line 124.
LaTeX Font Info:    Checking defaults for TS1/cmr/m/n on input line 124.
LaTeX Font Info:    Try loading font information for TS1+cmr on input line 124.

 (/usr/share/texlive/texmf-dist/tex/latex/base/ts1cmr.fd
File: ts1cmr.fd 1999/05/25 v2.5h Standard LaTeX font definitions
)
LaTeX Font Info:    ... okay on input line 124.
LaTeX Font Info:    Checking defaults for PD1/pdf/m/n on input line 124.
LaTeX Font Info:    ... okay on input line 124.
LaTeX Font Info:    Checking defaults for PU/pdf/m/n on input line 124.
LaTeX Font Info:    ... okay on input line 124.

(/usr/share/texlive/texmf-dist/tex/context/base/supp-pdf.mkii
[Loading MPS to PDF converter (version 2006.09.02).]
\scratchcounter=\count125
\scratchdimen=\dimen127
\scratchbox=\box28
\nofMPsegments=\count126
\nofMParguments=\count127
\everyMPshowfont=\toks22
\MPscratchCnt=\count128
\MPscratchDim=\dimen128
\MPnumerator=\count129
\makeMPintoPDFobject=\count130
\everyMPtoPDFconversion=\toks23
) (/usr/share/texlive/texmf-dist/tex/latex/oberdiek/epstopdf-base.sty
Package: epstopdf-base 2010/02/09 v2.5 Base part for package epstopdf

(/usr/share/texlive/texmf-dist/tex/latex/oberdiek/grfext.sty
Package: grfext 2010/08/19 v1.1 Manage graphics extensions (HO)
)
Package grfext Info: Graphics extension search list:
(grfext)             [.png,.pdf,.jpg,.mps,.jpeg,.jbig2,.jb2,.PNG,.PDF,.JPG,.JPE
G,.JBIG2,.JB2,.eps]
(grfext)             \AppendGraphicsExtensions on input line 452.

(/usr/share/texlive/texmf-dist/tex/latex/latexconfig/epstopdf-sys.cfg
File: epstopdf-sys.cfg 2010/07/13 v1.3 Configuration of (r)epstopdf for TeX Liv
e
))
Package caption Info: Begin \AtBeginDocument code.
Package caption Info: subfig package v1.3 is loaded.
Package caption Info: hyperref package is loaded.
Package caption Info: End \AtBeginDocument code.
\AtBeginShipoutBox=\box29
Package hyperref Info: Link coloring ON on input line 124.

(/usr/share/texlive/texmf-dist/tex/latex/hyperref/nameref.sty
Package: nameref 2010/04/30 v2.40 Cross-referencing by name of section

(/usr/share/texlive/texmf-dist/tex/generic/oberdiek/gettitlestring.sty
Package: gettitlestring 2010/12/03 v1.4 Cleanup title references (HO)
)
\c@section@level=\count131
)
LaTeX Info: Redefining \ref on input line 124.
LaTeX Info: Redefining \pageref on input line 124.
LaTeX Info: Redefining \nameref on input line 124.

(./projekt.out) (./projekt.out)
\@outlinefile=\write3
\openout3 = `projekt.out'.

LaTeX Font Info:    Try loading font information for OT1+phv on input line 130.


(/usr/share/texlive/texmf-dist/tex/latex/psnfss/ot1phv.fd
File: ot1phv.fd 2001/06/04 scalable font definitions for OT1/phv.
) [1

{/var/lib/texmf/fonts/map/pdftex/updmap/pdftex.map}]
\@obrlogo=\box30
\@rtext=\box31
\@vyskartext=\skip56
\@vyskaobr=\skip57

<fig/vut-zp2.pdf, id=255, 109.40875pt x 109.40875pt>
File: fig/vut-zp2.pdf Graphic file (type pdf)
 <use fig/vut-zp2.pdf>
Package pdftex.def Info: fig/vut-zp2.pdf used on input line 130.
(pdftex.def)             Requested size: 99.58464pt x 99.58546pt.

Overfull \hbox (109.58464pt too wide) in paragraph at lines 130--130
[][] 
 []

<fig/fit-zp2.pdf, id=256, 120.45pt x 120.45pt>
File: fig/fit-zp2.pdf Graphic file (type pdf)
 <use fig/fit-zp2.pdf>
Package pdftex.def Info: fig/fit-zp2.pdf used on input line 130.
(pdftex.def)             Requested size: 99.58464pt x 99.5875pt.

Overfull \hbox (109.58464pt too wide) in paragraph at lines 130--130
[][] 
 []

[2 <./fig/vut-zp2.pdf> <./fig/fit-zp2.pdf>]

LaTeX Font Warning: Font shape `OT1/cmr/m/n' in size <16> not available
(Font)              size <17.28> substituted on input line 130.


LaTeX Font Warning: Font shape `OT1/cmr/bx/n' in size <16> not available
(Font)              size <17.28> substituted on input line 130.


Overfull \hbox (10.57292pt too wide) in paragraph at lines 130--130
\OT1/cmr/m/n/10.95 Barbora Sk^^Triv^^Sankov^^Sa: Sout^^Te^^Tziv^^Sa ko-evoluce 
v kart^^Sezsk^^Sem ge-net-ick^^Sem pro-gramov^^San^^S^^P, bakal^^Sa^^Trsk^^Sa
 []

[3]

LaTeX Font Warning: Font shape `OT1/cmr/m/n' in size <18> not available
(Font)              size <17.28> substituted on input line 130.


LaTeX Font Warning: Font shape `OT1/cmr/bx/n' in size <18> not available
(Font)              size <17.28> substituted on input line 130.


Overfull \hbox (7.0177pt too wide) in paragraph at lines 130--130
\OT1/cmr/m/n/10.95 Prohla^^Tsuji, ^^Tze jsem tuto bakal^^Sa^^Trskou pr^^Saci vy
pra-co-v-ala samostatn^^Te pod ve-den^^S^^Pm Ing. Michaely
 []


Overfull \hbox (13.58817pt too wide) in paragraph at lines 130--130
\OT1/cmr/m/it/10.95 forma^^Tcn^^S^^Pch tech-nologi^^S^^P. Pr^^Sace je chr^^San^
^Tena au-torsk^^Sym z^^Sakonem a jej^^S^^P u^^Tzit^^S^^P bez ud^^Telen^^S^^P op
r^^Savn^^Ten^^S^^P
 []

[4] (./obsah.tex (./projekt.toc
LaTeX Font Info:    Try loading font information for U+msa on input line 4.

(/usr/share/texlive/texmf-dist/tex/latex/amsfonts/umsa.fd
File: umsa.fd 2009/06/22 v3.00 AMS symbols A
)
LaTeX Font Info:    Try loading font information for U+msb on input line 4.

(/usr/share/texlive/texmf-dist/tex/latex/amsfonts/umsb.fd
File: umsb.fd 2009/06/22 v3.00 AMS symbols B
)pdfTeX warning (ext4): destination with the same identifier (name{page.1}) has
 been already used, duplicate ignored
<to be read again> 
                   \relax 
l.62 ...t\'an\IeC {\'\i } vstupu}{25}{section.4.4}
                                                   [1


])
\tf@toc=\write4
\openout4 = `projekt.toc'.

pdfTeX warning (ext4): destination with the same identifier (name{page.2}) has 
been already used, duplicate ignored
<to be read again> 
                   \relax 
l.6 \chapter
            {Úvod} [2]
Kapitola 1.
pdfTeX warning (ext4): destination with the same identifier (name{page.3}) has 
been already used, duplicate ignored
<to be read again> 
                   \relax 
l.44 \chapter
             {Teoretický základ práce}\label{teorie} [3

]
Kapitola 2.
pdfTeX warning (ext4): destination with the same identifier (name{page.4}) has 
been already used, duplicate ignored
<to be read again> 
                   \relax 
l.84 			\item[Gen]
                   -- základní stavební jednotka chromozomu. V~biologické ev...
[4

]
Overfull \hbox (1.32384pt too wide) in paragraph at lines 96--99
[]\OT1/cmr/m/n/10.95 -- matem-at-ick^^Se vyj^^Sad^^Tren^^S^^P kval-ity kan-did^
^Satn^^S^^Pho ^^Tre^^Tsen^^S^^P vzh-le-dem k hledan^^Sym
 []

<fig/evoluce.png, id=380, 2126.94624pt x 1206.5075pt>
File: fig/evoluce.png Graphic file (type png)
 <use fig/evoluce.png>
Package pdftex.def Info: fig/evoluce.png used on input line 114.
(pdftex.def)             Requested size: 369.88582pt x 209.81647pt.

[5]
Overfull \hbox (2.25697pt too wide) in paragraph at lines 139--143
[]\OT1/cmr/m/n/10.95 -- se-lekce p^^Tripom^^S^^Pnaj^^S^^Pc^^S^^P tur-na-jov^^Sa
 utk^^San^^S^^P. Z gen-er-ace je n^^Sahodn^^Te vybr^^Sa-
 []

[6 <./fig/evoluce.png>]
<fig/krizeni_jednobod.jpg, id=399, 502.9992pt x 340.6326pt>
File: fig/krizeni_jednobod.jpg Graphic file (type jpg)

<use fig/krizeni_jednobod.jpg>
Package pdftex.def Info: fig/krizeni_jednobod.jpg used on input line 171.
(pdftex.def)             Requested size: 170.71652pt x 115.61084pt.

<fig/krizeni_dvoubod.jpg, id=400, 1211.52625pt x 1419.3025pt>
File: fig/krizeni_dvoubod.jpg Graphic file (type jpg)

<use fig/krizeni_dvoubod.jpg>
Package pdftex.def Info: fig/krizeni_dvoubod.jpg used on input line 172.
(pdftex.def)             Requested size: 99.58464pt x 116.64343pt.

<fig/krizeni_uni.jpg, id=401, 1210.5225pt x 1419.3025pt>
File: fig/krizeni_uni.jpg Graphic file (type jpg)

<use fig/krizeni_uni.jpg>
Package pdftex.def Info: fig/krizeni_uni.jpg used on input line 173.
(pdftex.def)             Requested size: 99.58464pt x 116.75172pt.
 [7 <./fig/krizeni_jednobod.jpg> <./fig/krizeni_dvoubod.jpg> <./fig/krizeni_uni
.jpg>]
<fig/strom.jpg, id=419, 479.8728pt x 289.5618pt>
File: fig/strom.jpg Graphic file (type jpg)
 <use fig/strom.jpg>
Package pdftex.def Info: fig/strom.jpg used on input line 224.
(pdftex.def)             Requested size: 170.71652pt x 103.01385pt.
 [8 <./fig/strom.jpg>]
Overfull \hbox (3.51248pt too wide) in paragraph at lines 256--258
\OT1/cmr/m/n/10.95 Pou^^Tz^^S^^Pvaj^^S^^P se b^^Te^^Tzn^^Se oper^^Satory k^^Tr^
^S^^P^^Tzen^^S^^P a mu-tace, lze je ale obo-hatit o dal^^Ts^^S^^P oper^^Satory 
umo^^Tz^^Tnuj^^S^^Pc^^S^^P
 []


Overfull \hbox (3.51822pt too wide) in paragraph at lines 262--265
[]\OT1/cmr/m/n/10.95 -- mu-tace je dopl^^Tnkov^^Sym oper^^Satorem a ne-prov^^Sa
d^^S^^P se v^^Tzdy. Prov^^Sad^^S^^P se t^^S^^Pm zp^^Wusobem,
 []

<fig/krizeni_stromu.jpg, id=431, 1204.5pt x 1091.5179pt>
File: fig/krizeni_stromu.jpg Graphic file (type jpg)

<use fig/krizeni_stromu.jpg>
Package pdftex.def Info: fig/krizeni_stromu.jpg used on input line 269.
(pdftex.def)             Requested size: 369.88582pt x 335.18591pt.
 [9] [10 <./fig/krizeni_stromu.jpg>]
<fig/cgp_program.jpg, id=451, 1059.4782pt x 458.4327pt>
File: fig/cgp_program.jpg Graphic file (type jpg)

<use fig/cgp_program.jpg>
Package pdftex.def Info: fig/cgp_program.jpg used on input line 327.
(pdftex.def)             Requested size: 284.52756pt x 123.11394pt.
LaTeX Font Info:    Try loading font information for OMS+cmr on input line 330.


(/usr/share/texlive/texmf-dist/tex/latex/base/omscmr.fd
File: omscmr.fd 1999/05/25 v2.5h Standard LaTeX font definitions
)
LaTeX Font Info:    Font shape `OMS/cmr/m/n' in size <10.95> not available
(Font)              Font shape `OMS/cmsy/m/n' tried instead on input line 330.

Underfull \hbox (badness 10000) in paragraph at lines 343--346

 []

[11 <./fig/cgp_program.jpg>]
Overfull \hbox (1.23732pt too wide) in paragraph at lines 387--395
\OT1/cmr/m/n/10.95 gramov^^San^^S^^P [[]]. Vy-hod-no-cen^^S^^P fit-ness jed-inc
^^Wu v pop-u-laci prob^^S^^Ph^^Sa na z^^Saklad^^Te in-ter-akce s jin^^Symi
 []

<fig/kompozicni_ulohy.jpg, id=467, 389.7762pt x 163.5711pt>
File: fig/kompozicni_ulohy.jpg Graphic file (type jpg)

<use fig/kompozicni_ulohy.jpg>
Package pdftex.def Info: fig/kompozicni_ulohy.jpg used on input line 410.
(pdftex.def)             Requested size: 170.71652pt x 71.64204pt.

<fig/testove_ulohy.jpg, id=468, 265.4718pt x 103.8279pt>
File: fig/testove_ulohy.jpg Graphic file (type jpg)

<use fig/testove_ulohy.jpg>
Package pdftex.def Info: fig/testove_ulohy.jpg used on input line 411.
(pdftex.def)             Requested size: 170.71652pt x 66.76805pt.
 [12]
<fig/koevoluce.jpg, id=482, 931.0785pt x 685.1196pt>
File: fig/koevoluce.jpg Graphic file (type jpg)
 <use fig/koevoluce.jpg>
Package pdftex.def Info: fig/koevoluce.jpg used on input line 436.
(pdftex.def)             Requested size: 369.88582pt x 272.1717pt.


LaTeX Warning: `h' float specifier changed to `ht'.

[13 <./fig/kompozicni_ulohy.jpg> <./fig/testove_ulohy.jpg>] [14 <./fig/koevoluc
e.jpg>] <fig/points.pdf, id=502, 505.89pt x 505.89pt>
File: fig/points.pdf Graphic file (type pdf)
 <use fig/points.pdf>
Package pdftex.def Info: fig/points.pdf used on input line 487.
(pdftex.def)             Requested size: 170.71652pt x 170.71892pt.

<fig/regression.pdf, id=503, 505.89pt x 505.89pt>
File: fig/regression.pdf Graphic file (type pdf)
 <use fig/regression.pdf>
Package pdftex.def Info: fig/regression.pdf used on input line 488.
(pdftex.def)             Requested size: 170.71652pt x 170.71892pt.

[15 <./fig/points.pdf> <./fig/regression.pdf>]
Kapitola 3.
<fig/CGP_algorithm.png, id=535, 1656.1875pt x 1694.33pt>
File: fig/CGP_algorithm.png Graphic file (type png)

<use fig/CGP_algorithm.png>
Package pdftex.def Info: fig/CGP_algorithm.png used on input line 533.
(pdftex.def)             Requested size: 284.52756pt x 291.083pt.
 [16

]
<fig/vypocetni_uzel.png, id=544, 264.0264pt x 80.4606pt>
File: fig/vypocetni_uzel.png Graphic file (type png)

<use fig/vypocetni_uzel.png>
Package pdftex.def Info: fig/vypocetni_uzel.png used on input line 571.
(pdftex.def)             Requested size: 113.81102pt x 34.68332pt.
 [17 <./fig/CGP_algorithm.png>] [18 <./fig/vypocetni_uzel.png>]
Overfull \hbox (4.97139pt too wide) in paragraph at lines 643--646
[]\OT1/cmr/m/n/10.95 pro zaji^^Tst^^Ten^^S^^P co ne-j-jednodu^^Ts^^Ts^^S^^Pho v
y-gen-erovan^^Seho funk-
 []

[19] <fig/coev_jedinec.jpg, id=569, 215.8464pt x 102.1416pt>
File: fig/coev_jedinec.jpg Graphic file (type jpg)

<use fig/coev_jedinec.jpg>
Package pdftex.def Info: fig/coev_jedinec.jpg used on input line 703.
(pdftex.def)             Requested size: 227.62204pt x 107.71472pt.
 [20 <./fig/coev_jedinec.jpg>] [21] [22]
Kapitola 4.

Overfull \hbox (2.38586pt too wide) in paragraph at lines 762--767
\OT1/cmr/m/n/10.95 roz^^Ts^^S^^P^^Tren^^S^^P v podob^^Te n^^Tekter^^Sych da-tov
^^Sych typ^^Wu a kon-tej-ne-r^^Wu je im-ple-men-tace prove-dena v jazyce
 []

[23

]
Overfull \hbox (1.29207pt too wide) in paragraph at lines 799--802
\OT1/cmr/m/n/10.95 Zp^^Wusob gen-erov^^San^^S^^P pseudon^^Sahodn^^Sych ^^Tc^^S^
^Psel je v t^^Seto pr^^Saci kl^^S^^P^^Tcovou ot^^Sazkou, proto^^Tze gener^^Sato
r
 []


Overfull \hbox (0.89233pt too wide) in paragraph at lines 803--813
[]\OT1/cmr/m/n/10.95 Vyu^^Tzila jsem funkci \OT1/cmr/m/it/10.95 rand \OT1/cmr/m
/n/10.95 ze stan-dardn^^S^^P kni-hovny jazyka C. Tato funkce generuje sekvenci
 []


Underfull \hbox (badness 10000) in paragraph at lines 833--834
[]\OT1/cmr/m/n/10.95 MINUS --
 []

[24] [25]
Underfull \hbox (badness 10000) in paragraph at lines 911--918

 []

[26]
Kapitola 5.
<fig/inputs_x_2_3.pdf, id=625, 505.89pt x 505.89pt>
File: fig/inputs_x_2_3.pdf Graphic file (type pdf)
 <use fig/inputs_x_2_3.pdf>
Package pdftex.def Info: fig/inputs_x_2_3.pdf used on input line 939.
(pdftex.def)             Requested size: 170.71652pt x 170.71892pt.

<fig/inputs_sinx_ex.pdf, id=626, 505.89pt x 505.89pt>
File: fig/inputs_sinx_ex.pdf Graphic file (type pdf)

<use fig/inputs_sinx_ex.pdf>
Package pdftex.def Info: fig/inputs_sinx_ex.pdf used on input line 940.
(pdftex.def)             Requested size: 170.71652pt x 170.71892pt.

<fig/inputs_sums.pdf, id=627, 505.89pt x 505.89pt>
File: fig/inputs_sums.pdf Graphic file (type pdf)
 <use fig/inputs_sums.pdf>
Package pdftex.def Info: fig/inputs_sums.pdf used on input line 941.
(pdftex.def)             Requested size: 170.71652pt x 170.71892pt.

<fig/inputs_salustowitz.pdf, id=628, 505.89pt x 505.89pt>
File: fig/inputs_salustowitz.pdf Graphic file (type pdf)

<use fig/inputs_salustowitz.pdf>
Package pdftex.def Info: fig/inputs_salustowitz.pdf used on input line 942.
(pdftex.def)             Requested size: 170.71652pt x 170.71892pt.

<fig/inputs_unwrapped_ball.pdf, id=629, 505.89pt x 505.89pt>
File: fig/inputs_unwrapped_ball.pdf Graphic file (type pdf)

<use fig/inputs_unwrapped_ball.pdf>
Package pdftex.def Info: fig/inputs_unwrapped_ball.pdf used on input line 943.
(pdftex.def)             Requested size: 170.71652pt x 170.71892pt.

<fig/results/test_coev_params/archives/counted_nodes.pdf, id=635, 505.89pt x 50
5.89pt>
File: fig/results/test_coev_params/archives/counted_nodes.pdf Graphic file (typ
e pdf)
 <use fig/results/test_coev_params/archives/counted_nodes.pdf>
Package pdftex.def Info: fig/results/test_coev_params/archives/counted_nodes.pd
f used on input line 981.
(pdftex.def)             Requested size: 170.71652pt x 170.71892pt.

<fig/results/test_coev_params/crossing/counted_nodes.pdf, id=636, 505.89pt x 50
5.89pt>
File: fig/results/test_coev_params/crossing/counted_nodes.pdf Graphic file (typ
e pdf)
 <use fig/results/test_coev_params/crossing/counted_nodes.pdf>
Package pdftex.def Info: fig/results/test_coev_params/crossing/counted_nodes.pd
f used on input line 982.
(pdftex.def)             Requested size: 170.71652pt x 170.71892pt.

<fig/results/test_coev_params/generation/counted_nodes.pdf, id=637, 505.89pt x 
505.89pt>
File: fig/results/test_coev_params/generation/counted_nodes.pdf Graphic file (t
ype pdf)
 <use fig/results/test_coev_params/generation/counted_nodes.pdf>
Package pdftex.def Info: fig/results/test_coev_params/generation/counted_nodes.
pdf used on input line 983.
(pdftex.def)             Requested size: 170.71652pt x 170.71892pt.

<fig/results/test_coev_params/cg_parts/counted_nodes.pdf, id=638, 505.89pt x 50
5.89pt>
File: fig/results/test_coev_params/cg_parts/counted_nodes.pdf Graphic file (typ
e pdf)
 <use fig/results/test_coev_params/cg_parts/counted_nodes.pdf>
Package pdftex.def Info: fig/results/test_coev_params/cg_parts/counted_nodes.pd
f used on input line 984.
(pdftex.def)             Requested size: 170.71652pt x 170.71892pt.

<fig/results/test_coev_params/test_size/counted_nodes.pdf, id=639, 505.89pt x 5
05.89pt>
File: fig/results/test_coev_params/test_size/counted_nodes.pdf Graphic file (ty
pe pdf)
 <use fig/results/test_coev_params/test_size/counted_nodes.pdf>
Package pdftex.def Info: fig/results/test_coev_params/test_size/counted_nodes.p
df used on input line 985.
(pdftex.def)             Requested size: 170.71652pt x 170.71892pt.

[27

] [28 <./fig/inputs_x_2_3.pdf> <./fig/inputs_sinx_ex.pdf> <./fig/inputs_sums.pd
f> <./fig/inputs_salustowitz.pdf> <./fig/inputs_unwrapped_ball.pdf>]
Underfull \hbox (badness 2409) in paragraph at lines 1001--1001
[]\OT1/cmr/m/n/10.95 Procento maxim^^Saln^^S^^P fit-ness ak-cep-to-van^^Se jako

 []


Overfull \hbox (4.33278pt too wide) in paragraph at lines 992--1006
 [][] 
 []


Underfull \hbox (badness 1082) in paragraph at lines 1019--1019
[]\OT1/cmr/m/n/10.95 Velikost archivu (v n^^Sasobc^^S^^Pch ve-likosti
 []


Underfull \hbox (badness 10000) in paragraph at lines 1022--1023
[]\OT1/cmr/m/n/10.95 12-10-10, 10-12-10,
 []


Underfull \hbox (badness 10000) in paragraph at lines 1022--1023
\OT1/cmr/m/n/10.95 10-10-12, 16-8-8
 []


Overfull \hbox (3.92719pt too wide) in paragraph at lines 1015--1026
 [][] 
 []

[29] [30 <./fig/results/test_coev_params/archives/counted_nodes.pdf> <./fig/res
ults/test_coev_params/crossing/counted_nodes.pdf> <./fig/results/test_coev_para
ms/generation/counted_nodes.pdf> <./fig/results/test_coev_params/cg_parts/count
ed_nodes.pdf> <./fig/results/test_coev_params/test_size/counted_nodes.pdf>]

Package hyperref Warning: Token not allowed in a PDF string (Unicode):
(hyperref)                removing `math shift' on input line 1044.


Package hyperref Warning: Token not allowed in a PDF string (Unicode):
(hyperref)                removing `subscript' on input line 1044.


Package hyperref Warning: Token not allowed in a PDF string (Unicode):
(hyperref)                removing `math shift' on input line 1044.


Overfull \hbox (0.29448pt too wide) in paragraph at lines 1051--1055
\OT1/cmr/m/n/10.95 vy^^Tc^^S^^Pslen^^S^^P tr^^Seno-vac^^S^^Pch vek-tor^^Wu v^^T
sak bylo pot^^Treba 27x m^^Sen^^Te. Rozd^^S^^Pln^^Se v^^Sysledky jsou zp^^Wusob
eny
 []

<fig/results/x_2_3/counted_nodes.pdf, id=743, 505.89pt x 505.89pt>
File: fig/results/x_2_3/counted_nodes.pdf Graphic file (type pdf)

<use fig/results/x_2_3/counted_nodes.pdf>
Package pdftex.def Info: fig/results/x_2_3/counted_nodes.pdf used on input line
 1058.
(pdftex.def)             Requested size: 142.26378pt x 142.26576pt.

<fig/results/x_2_3/generation_count.pdf, id=744, 505.89pt x 505.89pt>
File: fig/results/x_2_3/generation_count.pdf Graphic file (type pdf)

<use fig/results/x_2_3/generation_count.pdf>
Package pdftex.def Info: fig/results/x_2_3/generation_count.pdf used on input l
ine 1059.
(pdftex.def)             Requested size: 142.26378pt x 142.26576pt.


Package hyperref Warning: Token not allowed in a PDF string (Unicode):
(hyperref)                removing `math shift' on input line 1064.


Package hyperref Warning: Token not allowed in a PDF string (Unicode):
(hyperref)                removing `subscript' on input line 1064.


Package hyperref Warning: Token not allowed in a PDF string (Unicode):
(hyperref)                removing `math shift' on input line 1064.

[31 <./fig/results/x_2_3/counted_nodes.pdf> <./fig/results/x_2_3/generation_cou
nt.pdf>] <fig/results/sinx_ex/counted_nodes.pdf, id=769, 505.89pt x 505.89pt>
File: fig/results/sinx_ex/counted_nodes.pdf Graphic file (type pdf)

<use fig/results/sinx_ex/counted_nodes.pdf>
Package pdftex.def Info: fig/results/sinx_ex/counted_nodes.pdf used on input li
ne 1077.
(pdftex.def)             Requested size: 142.26378pt x 142.26576pt.

<fig/results/sinx_ex/generation_count.pdf, id=770, 505.89pt x 505.89pt>
File: fig/results/sinx_ex/generation_count.pdf Graphic file (type pdf)

<use fig/results/sinx_ex/generation_count.pdf>
Package pdftex.def Info: fig/results/sinx_ex/generation_count.pdf used on input
 line 1078.
(pdftex.def)             Requested size: 142.26378pt x 142.26576pt.


Package hyperref Warning: Token not allowed in a PDF string (Unicode):
(hyperref)                removing `math shift' on input line 1083.


Package hyperref Warning: Token not allowed in a PDF string (Unicode):
(hyperref)                removing `subscript' on input line 1083.


Package hyperref Warning: Token not allowed in a PDF string (Unicode):
(hyperref)                removing `math shift' on input line 1083.

<fig/results/sums/counted_nodes.pdf, id=773, 505.89pt x 505.89pt>
File: fig/results/sums/counted_nodes.pdf Graphic file (type pdf)

<use fig/results/sums/counted_nodes.pdf>
Package pdftex.def Info: fig/results/sums/counted_nodes.pdf used on input line 
1093.
(pdftex.def)             Requested size: 142.26378pt x 142.26576pt.

<fig/results/sums/generation_count.pdf, id=774, 505.89pt x 505.89pt>
File: fig/results/sums/generation_count.pdf Graphic file (type pdf)

<use fig/results/sums/generation_count.pdf>
Package pdftex.def Info: fig/results/sums/generation_count.pdf used on input li
ne 1094.
(pdftex.def)             Requested size: 142.26378pt x 142.26576pt.

Overfull \hbox (1.8427pt too wide) in paragraph at lines 1088--1098
[]\OT1/cmr/m/n/10.95 Urychlen^^S^^P po-moc^^S^^P ko-evoluce na t^^Seto funkci b
ylo velmi v^^Syznamn^^Se. P^^Tri porovn^^San^^S^^P z hlediska
 []

<fig/results/porovnani.pdf, id=776, 505.89pt x 505.89pt>
File: fig/results/porovnani.pdf Graphic file (type pdf)

<use fig/results/porovnani.pdf>
Package pdftex.def Info: fig/results/porovnani.pdf used on input line 1107.
(pdftex.def)             Requested size: 256.0748pt x 256.07838pt.


Package hyperref Warning: Token not allowed in a PDF string (Unicode):
(hyperref)                removing `math shift' on input line 1112.


Package hyperref Warning: Token not allowed in a PDF string (Unicode):
(hyperref)                removing `subscript' on input line 1112.


Package hyperref Warning: Token not allowed in a PDF string (Unicode):
(hyperref)                removing `math shift' on input line 1112.

[32 <./fig/results/sinx_ex/counted_nodes.pdf> <./fig/results/sinx_ex/generation
_count.pdf> <./fig/results/sums/counted_nodes.pdf> <./fig/results/sums/generati
on_count.pdf>]
<fig/results/salustowitz/success_rate.pdf, id=811, 505.89pt x 505.89pt>
File: fig/results/salustowitz/success_rate.pdf Graphic file (type pdf)

<use fig/results/salustowitz/success_rate.pdf>
Package pdftex.def Info: fig/results/salustowitz/success_rate.pdf used on input
 line 1125.
(pdftex.def)             Requested size: 142.26378pt x 142.26576pt.

<fig/results/salustowitz/count_time.pdf, id=812, 505.89pt x 505.89pt>
File: fig/results/salustowitz/count_time.pdf Graphic file (type pdf)

<use fig/results/salustowitz/count_time.pdf>
Package pdftex.def Info: fig/results/salustowitz/count_time.pdf used on input l
ine 1126.
(pdftex.def)             Requested size: 142.26378pt x 142.26576pt.

Underfull \hbox (badness 10000) in paragraph at lines 1127--1127
[]\OT1/cmr/m/n/10.95 Obr^^Sazek 5.7: |Srovn^^San^^S^^P v^^Sysledk^^Wu CGP a ko-
evoluce pro funkci
 []


Package hyperref Warning: Token not allowed in a PDF string (Unicode):
(hyperref)                removing `math shift' on input line 1131.


Package hyperref Warning: Token not allowed in a PDF string (Unicode):
(hyperref)                removing `subscript' on input line 1131.


Package hyperref Warning: Token not allowed in a PDF string (Unicode):
(hyperref)                removing `math shift' on input line 1131.

[33 <./fig/results/porovnani.pdf>]
<fig/results/ball/success_rate.pdf, id=833, 505.89pt x 505.89pt>
File: fig/results/ball/success_rate.pdf Graphic file (type pdf)

<use fig/results/ball/success_rate.pdf>
Package pdftex.def Info: fig/results/ball/success_rate.pdf used on input line 1
145.
(pdftex.def)             Requested size: 142.26378pt x 142.26576pt.

<fig/results/ball/count_time.pdf, id=834, 505.89pt x 505.89pt>
File: fig/results/ball/count_time.pdf Graphic file (type pdf)

<use fig/results/ball/count_time.pdf>
Package pdftex.def Info: fig/results/ball/count_time.pdf used on input line 114
6.
(pdftex.def)             Requested size: 142.26378pt x 142.26576pt.
 [34 <./fig/results/salustowitz/success_rate.pdf> <./fig/results/salustowitz/co
unt_time.pdf> <./fig/results/ball/success_rate.pdf> <./fig/results/ball/count_t
ime.pdf>]
Kapitola 6.
) (./projekt.bbl [35

]) (./prilohy.tex [36

]
P\v {r}\'{\i }loha A.

Overfull \hbox (4.15654pt too wide) in paragraph at lines 4--7
\OT1/cmr/m/n/10.95 v^^Tsechny vyu^^Tzit^^Se bal^^S^^P^^Tcky se nach^^Saz^^S^^P 
v adres^^Sa^^Tri []\OT1/cmtt/m/n/10.95 theory/src\OT1/cmr/m/n/10.95 . Po p^^Tr^
^S^^Ppadn^^Te prove-den^^Sych zm^^Ten^^Sach
 []


Overfull \hbox (1.6535pt too wide) in paragraph at lines 16--18
[]\OT1/cmr/m/n/10.95 - tento adres^^Sa^^Tr ob-sahuje testo-vac^^S^^P soubory pr
o funkce $\OML/cmm/m/it/10.95 f[]$ \OT1/cmr/m/n/10.95 a^^Tz $\OML/cmm/m/it/10.9
5 f[]$ \OT1/cmr/m/n/10.95 vyu^^Tzit^^Se p^^Tri testov^^San^^S^^P. 
 []

[37

]
P\v {r}\'{\i }loha B.

<fig/results/test_coev_params/archives/count_time.pdf, id=881, 505.89pt x 505.8
9pt>
File: fig/results/test_coev_params/archives/count_time.pdf Graphic file (type p
df)
 <use fig/results/test_coev_params/archives/count_time.pdf>
Package pdftex.def Info: fig/results/test_coev_params/archives/count_time.pdf u
sed on input line 40.
(pdftex.def)             Requested size: 170.71652pt x 170.71892pt.

<fig/results/test_coev_params/crossing/count_time.pdf, id=882, 505.89pt x 505.8
9pt>
File: fig/results/test_coev_params/crossing/count_time.pdf Graphic file (type p
df)
 <use fig/results/test_coev_params/crossing/count_time.pdf>
Package pdftex.def Info: fig/results/test_coev_params/crossing/count_time.pdf u
sed on input line 41.
(pdftex.def)             Requested size: 170.71652pt x 170.71892pt.

<fig/results/test_coev_params/generation/count_time.pdf, id=883, 505.89pt x 505
.89pt>
File: fig/results/test_coev_params/generation/count_time.pdf Graphic file (type
 pdf)
 <use fig/results/test_coev_params/generation/count_time.pdf>
Package pdftex.def Info: fig/results/test_coev_params/generation/count_time.pdf
 used on input line 42.
(pdftex.def)             Requested size: 170.71652pt x 170.71892pt.

<fig/results/test_coev_params/cg_parts/count_time.pdf, id=884, 505.89pt x 505.8
9pt>
File: fig/results/test_coev_params/cg_parts/count_time.pdf Graphic file (type p
df)
 <use fig/results/test_coev_params/cg_parts/count_time.pdf>
Package pdftex.def Info: fig/results/test_coev_params/cg_parts/count_time.pdf u
sed on input line 43.
(pdftex.def)             Requested size: 170.71652pt x 170.71892pt.

<fig/results/test_coev_params/test_size/count_time.pdf, id=885, 505.89pt x 505.
89pt>
File: fig/results/test_coev_params/test_size/count_time.pdf Graphic file (type 
pdf)
 <use fig/results/test_coev_params/test_size/count_time.pdf>
Package pdftex.def Info: fig/results/test_coev_params/test_size/count_time.pdf 
used on input line 44.
(pdftex.def)             Requested size: 170.71652pt x 170.71892pt.

<fig/results/test_coev_params/archives/generation_count.pdf, id=886, 505.89pt x
 505.89pt>
File: fig/results/test_coev_params/archives/generation_count.pdf Graphic file (
type pdf)
 <use fig/results/test_coev_params/archives/generation_count.pdf>
Package pdftex.def Info: fig/results/test_coev_params/archives/generation_count
.pdf used on input line 50.
(pdftex.def)             Requested size: 170.71652pt x 170.71892pt.

<fig/results/test_coev_params/crossing/generation_count.pdf, id=887, 505.89pt x
 505.89pt>
File: fig/results/test_coev_params/crossing/generation_count.pdf Graphic file (
type pdf)
 <use fig/results/test_coev_params/crossing/generation_count.pdf>
Package pdftex.def Info: fig/results/test_coev_params/crossing/generation_count
.pdf used on input line 51.
(pdftex.def)             Requested size: 170.71652pt x 170.71892pt.

<fig/results/test_coev_params/generation/generation_count.pdf, id=888, 505.89pt
 x 505.89pt>
File: fig/results/test_coev_params/generation/generation_count.pdf Graphic file
 (type pdf)

<use fig/results/test_coev_params/generation/generation_count.pdf>
Package pdftex.def Info: fig/results/test_coev_params/generation/generation_cou
nt.pdf used on input line 52.
(pdftex.def)             Requested size: 170.71652pt x 170.71892pt.

<fig/results/test_coev_params/cg_parts/generation_count.pdf, id=889, 505.89pt x
 505.89pt>
File: fig/results/test_coev_params/cg_parts/generation_count.pdf Graphic file (
type pdf)
 <use fig/results/test_coev_params/cg_parts/generation_count.pdf>
Package pdftex.def Info: fig/results/test_coev_params/cg_parts/generation_count
.pdf used on input line 53.
(pdftex.def)             Requested size: 170.71652pt x 170.71892pt.

<fig/results/test_coev_params/test_size/generation_count.pdf, id=890, 505.89pt 
x 505.89pt>
File: fig/results/test_coev_params/test_size/generation_count.pdf Graphic file 
(type pdf)
 <use fig/results/test_coev_params/test_size/generation_count.pdf>
Package pdftex.def Info: fig/results/test_coev_params/test_size/generation_coun
t.pdf used on input line 54.
(pdftex.def)             Requested size: 170.71652pt x 170.71892pt.

<fig/results/test_coev_params/archives/success_rate.pdf, id=891, 505.89pt x 505
.89pt>
File: fig/results/test_coev_params/archives/success_rate.pdf Graphic file (type
 pdf)
 <use fig/results/test_coev_params/archives/success_rate.pdf>
Package pdftex.def Info: fig/results/test_coev_params/archives/success_rate.pdf
 used on input line 60.
(pdftex.def)             Requested size: 170.71652pt x 170.71892pt.

<fig/results/test_coev_params/crossing/success_rate.pdf, id=892, 505.89pt x 505
.89pt>
File: fig/results/test_coev_params/crossing/success_rate.pdf Graphic file (type
 pdf)
 <use fig/results/test_coev_params/crossing/success_rate.pdf>
Package pdftex.def Info: fig/results/test_coev_params/crossing/success_rate.pdf
 used on input line 61.
(pdftex.def)             Requested size: 170.71652pt x 170.71892pt.

<fig/results/test_coev_params/generation/success_rate.pdf, id=893, 505.89pt x 5
05.89pt>
File: fig/results/test_coev_params/generation/success_rate.pdf Graphic file (ty
pe pdf)
 <use fig/results/test_coev_params/generation/success_rate.pdf>
Package pdftex.def Info: fig/results/test_coev_params/generation/success_rate.p
df used on input line 62.
(pdftex.def)             Requested size: 170.71652pt x 170.71892pt.

<fig/results/test_coev_params/cg_parts/success_rate.pdf, id=894, 505.89pt x 505
.89pt>
File: fig/results/test_coev_params/cg_parts/success_rate.pdf Graphic file (type
 pdf)
 <use fig/results/test_coev_params/cg_parts/success_rate.pdf>
Package pdftex.def Info: fig/results/test_coev_params/cg_parts/success_rate.pdf
 used on input line 63.
(pdftex.def)             Requested size: 170.71652pt x 170.71892pt.

<fig/results/test_coev_params/test_size/success_rate.pdf, id=895, 505.89pt x 50
5.89pt>
File: fig/results/test_coev_params/test_size/success_rate.pdf Graphic file (typ
e pdf)
 <use fig/results/test_coev_params/test_size/success_rate.pdf>
Package pdftex.def Info: fig/results/test_coev_params/test_size/success_rate.pd
f used on input line 64.
(pdftex.def)             Requested size: 170.71652pt x 170.71892pt.
 [38

]
[39 <./fig/results/test_coev_params/archives/count_time.pdf> <./fig/results/tes
t_coev_params/crossing/count_time.pdf> <./fig/results/test_coev_params/generati
on/count_time.pdf> <./fig/results/test_coev_params/cg_parts/count_time.pdf> <./
fig/results/test_coev_params/test_size/count_time.pdf>] [40 <./fig/results/test
_coev_params/archives/generation_count.pdf> <./fig/results/test_coev_params/cro
ssing/generation_count.pdf> <./fig/results/test_coev_params/generation/generati
on_count.pdf> <./fig/results/test_coev_params/cg_parts/generation_count.pdf> <.
/fig/results/test_coev_params/test_size/generation_count.pdf>] [41 <./fig/resul
ts/test_coev_params/archives/success_rate.pdf> <./fig/results/test_coev_params/
crossing/success_rate.pdf> <./fig/results/test_coev_params/generation/success_r
ate.pdf> <./fig/results/test_coev_params/cg_parts/success_rate.pdf> <./fig/resu
lts/test_coev_params/test_size/success_rate.pdf>]

Package hyperref Warning: Token not allowed in a PDF string (Unicode):
(hyperref)                removing `math shift' on input line 71.


Package hyperref Warning: Token not allowed in a PDF string (Unicode):
(hyperref)                removing `subscript' on input line 71.


Package hyperref Warning: Token not allowed in a PDF string (Unicode):
(hyperref)                removing `math shift' on input line 71.

<fig/results/x_2_3/count_time.pdf, id=1010, 505.89pt x 505.89pt>
File: fig/results/x_2_3/count_time.pdf Graphic file (type pdf)

<use fig/results/x_2_3/count_time.pdf>
Package pdftex.def Info: fig/results/x_2_3/count_time.pdf used on input line 74
.
(pdftex.def)             Requested size: 142.26378pt x 142.26576pt.

<fig/results/x_2_3/success_rate.pdf, id=1011, 505.89pt x 505.89pt>
File: fig/results/x_2_3/success_rate.pdf Graphic file (type pdf)

<use fig/results/x_2_3/success_rate.pdf>
Package pdftex.def Info: fig/results/x_2_3/success_rate.pdf used on input line 
75.
(pdftex.def)             Requested size: 142.26378pt x 142.26576pt.


Package hyperref Warning: Token not allowed in a PDF string (Unicode):
(hyperref)                removing `math shift' on input line 79.


Package hyperref Warning: Token not allowed in a PDF string (Unicode):
(hyperref)                removing `subscript' on input line 79.


Package hyperref Warning: Token not allowed in a PDF string (Unicode):
(hyperref)                removing `math shift' on input line 79.

<fig/results/sinx_ex/count_time.pdf, id=1012, 505.89pt x 505.89pt>
File: fig/results/sinx_ex/count_time.pdf Graphic file (type pdf)

<use fig/results/sinx_ex/count_time.pdf>
Package pdftex.def Info: fig/results/sinx_ex/count_time.pdf used on input line 
82.
(pdftex.def)             Requested size: 142.26378pt x 142.26576pt.

<fig/results/sinx_ex/success_rate.pdf, id=1013, 505.89pt x 505.89pt>
File: fig/results/sinx_ex/success_rate.pdf Graphic file (type pdf)

<use fig/results/sinx_ex/success_rate.pdf>
Package pdftex.def Info: fig/results/sinx_ex/success_rate.pdf used on input lin
e 83.
(pdftex.def)             Requested size: 142.26378pt x 142.26576pt.
 [42 <./fig/results/x_2_3/count_time.pdf> <./fig/results/x_2_3/success_rate.pdf
> <./fig/results/sinx_ex/count_time.pdf> <./fig/results/sinx_ex/success_rate.pd
f>]

Package hyperref Warning: Token not allowed in a PDF string (Unicode):
(hyperref)                removing `math shift' on input line 88.


Package hyperref Warning: Token not allowed in a PDF string (Unicode):
(hyperref)                removing `subscript' on input line 88.


Package hyperref Warning: Token not allowed in a PDF string (Unicode):
(hyperref)                removing `math shift' on input line 88.

<fig/results/sums/count_time.pdf, id=1044, 505.89pt x 505.89pt>
File: fig/results/sums/count_time.pdf Graphic file (type pdf)

<use fig/results/sums/count_time.pdf>
Package pdftex.def Info: fig/results/sums/count_time.pdf used on input line 91.

(pdftex.def)             Requested size: 142.26378pt x 142.26576pt.

<fig/results/sums/success_rate.pdf, id=1045, 505.89pt x 505.89pt>
File: fig/results/sums/success_rate.pdf Graphic file (type pdf)

<use fig/results/sums/success_rate.pdf>
Package pdftex.def Info: fig/results/sums/success_rate.pdf used on input line 9
2.
(pdftex.def)             Requested size: 142.26378pt x 142.26576pt.


Package hyperref Warning: Token not allowed in a PDF string (Unicode):
(hyperref)                removing `math shift' on input line 96.


Package hyperref Warning: Token not allowed in a PDF string (Unicode):
(hyperref)                removing `subscript' on input line 96.


Package hyperref Warning: Token not allowed in a PDF string (Unicode):
(hyperref)                removing `math shift' on input line 96.

<fig/results/salustowitz/counted_nodes.pdf, id=1046, 505.89pt x 505.89pt>
File: fig/results/salustowitz/counted_nodes.pdf Graphic file (type pdf)

<use fig/results/salustowitz/counted_nodes.pdf>
Package pdftex.def Info: fig/results/salustowitz/counted_nodes.pdf used on inpu
t line 99.
(pdftex.def)             Requested size: 142.26378pt x 142.26576pt.

<fig/results/salustowitz/generation_count.pdf, id=1047, 505.89pt x 505.89pt>
File: fig/results/salustowitz/generation_count.pdf Graphic file (type pdf)

<use fig/results/salustowitz/generation_count.pdf>
Package pdftex.def Info: fig/results/salustowitz/generation_count.pdf used on i
nput line 100.
(pdftex.def)             Requested size: 142.26378pt x 142.26576pt.

Underfull \hbox (badness 10000) in paragraph at lines 101--101
[]\OT1/cmr/m/n/10.95 Obr^^Sazek B.7: |Srovn^^San^^S^^P v^^Sysledk^^Wu CGP a ko-
evoluce pro funkci
 []

[43 <./fig/results/sums/count_time.pdf> <./fig/results/sums/success_rate.pdf> <
./fig/results/salustowitz/counted_nodes.pdf> <./fig/results/salustowitz/generat
ion_count.pdf>]

Package hyperref Warning: Token not allowed in a PDF string (Unicode):
(hyperref)                removing `math shift' on input line 105.


Package hyperref Warning: Token not allowed in a PDF string (Unicode):
(hyperref)                removing `subscript' on input line 105.


Package hyperref Warning: Token not allowed in a PDF string (Unicode):
(hyperref)                removing `math shift' on input line 105.

<fig/results/ball/counted_nodes.pdf, id=1078, 505.89pt x 505.89pt>
File: fig/results/ball/counted_nodes.pdf Graphic file (type pdf)

<use fig/results/ball/counted_nodes.pdf>
Package pdftex.def Info: fig/results/ball/counted_nodes.pdf used on input line 
108.
(pdftex.def)             Requested size: 142.26378pt x 142.26576pt.

<fig/results/ball/generation_count.pdf, id=1079, 505.89pt x 505.89pt>
File: fig/results/ball/generation_count.pdf Graphic file (type pdf)

<use fig/results/ball/generation_count.pdf>
Package pdftex.def Info: fig/results/ball/generation_count.pdf used on input li
ne 109.
(pdftex.def)             Requested size: 142.26378pt x 142.26576pt.
)
Package atveryend Info: Empty hook `BeforeClearDocument' on input line 153.
 [44 <./fig/results/ball/counted_nodes.pdf> <./fig/results/ball/generation_coun
t.pdf>]
Package atveryend Info: Empty hook `AfterLastShipout' on input line 153.
 (./projekt.aux)
Package atveryend Info: Executing hook `AtVeryEndDocument' on input line 153.
Package atveryend Info: Executing hook `AtEndAfterFileList' on input line 153.
Package rerunfilecheck Info: File `projekt.out' has not changed.
(rerunfilecheck)             Checksum: D4307F4260953E68B0140B54D412C66B;10601.


LaTeX Font Warning: Size substitutions with differences
(Font)              up to 1.28pt have occurred.

Package atveryend Info: Empty hook `AtVeryVeryEnd' on input line 153.
 ) 
Here is how much of TeX's memory you used:
 10295 strings out of 495059
 152640 string characters out of 3182030
 241936 words of memory out of 3000000
 13042 multiletter control sequences out of 15000+200000
 25322 words of font info for 71 fonts, out of 3000000 for 9000
 14 hyphenation exceptions out of 8191
 44i,17n,46p,537b,484s stack positions out of 5000i,500n,10000p,200000b,50000s
 </home/xskriv01/.texmf-var/fonts/pk/ljfour/jknappen/ec/tcrm1095.600pk>{/usr/
share/texlive/texmf-dist/fonts/enc/dvips/base/8r.enc}</usr/share/texlive/texmf-
dist/fonts/type1/public/amsfonts/cm/cmbx10.pfb></usr/share/texlive/texmf-dist/f
onts/type1/public/amsfonts/cm/cmbx12.pfb></usr/share/texlive/texmf-dist/fonts/t
ype1/public/amsfonts/cm/cmex10.pfb></usr/share/texlive/texmf-dist/fonts/type1/p
ublic/amsfonts/cm/cmmi10.pfb></usr/share/texlive/texmf-dist/fonts/type1/public/
amsfonts/cm/cmmi12.pfb></usr/share/texlive/texmf-dist/fonts/type1/public/amsfon
ts/cm/cmmi6.pfb></usr/share/texlive/texmf-dist/fonts/type1/public/amsfonts/cm/c
mmi8.pfb></usr/share/texlive/texmf-dist/fonts/type1/public/amsfonts/cm/cmmi9.pf
b></usr/share/texlive/texmf-dist/fonts/type1/public/amsfonts/cm/cmr10.pfb></usr
/share/texlive/texmf-dist/fonts/type1/public/amsfonts/cm/cmr5.pfb></usr/share/t
exlive/texmf-dist/fonts/type1/public/amsfonts/cm/cmr6.pfb></usr/share/texlive/t
exmf-dist/fonts/type1/public/amsfonts/cm/cmr8.pfb></usr/share/texlive/texmf-dis
t/fonts/type1/public/amsfonts/cm/cmr9.pfb></usr/share/texlive/texmf-dist/fonts/
type1/public/amsfonts/cm/cmsy10.pfb></usr/share/texlive/texmf-dist/fonts/type1/
public/amsfonts/cm/cmsy6.pfb></usr/share/texlive/texmf-dist/fonts/type1/public/
amsfonts/cm/cmsy8.pfb></usr/share/texlive/texmf-dist/fonts/type1/public/amsfont
s/cm/cmti10.pfb></usr/share/texlive/texmf-dist/fonts/type1/public/amsfonts/cm/c
mtt10.pfb></usr/share/texlive/texmf-dist/fonts/type1/urw/helvetic/uhvr8a.pfb>
Output written on projekt.pdf (48 pages, 21095153 bytes).
PDF statistics:
 1221 PDF objects out of 1440 (max. 8388607)
 1022 compressed objects within 11 object streams
 244 named destinations out of 1000 (max. 500000)
 804 words of extra memory for PDF output out of 10000 (max. 10000000)

